<?xml version="1.0" encoding="UTF-8"?>
<!-- Generated by org.testng.reporters.JUnitReportReporter -->
<testsuite hostname="hp" failures="0" tests="3" name="com.myntrajio.MensProductTest.MensProductTest" time="0.036" errors="0" timestamp="2024-08-15T16:26:44 IST" skipped="0">
  <testcase classname="com.myntrajio.MensProductTest.MensProductTest" name="addProduct" time="0.021"/>
  <system-out>
    <![CDATA[Mens Product added sucess]]>
  </system-out>
  <testcase classname="com.myntrajio.MensProductTest.MensProductTest" name="removeProduct" time="0.003"/>
  <system-out>
    <![CDATA[Mens Product remove sucess]]>
  </system-out>
  <testcase classname="com.myntrajio.MensProductTest.MensProductTest" name="updateProduct" time="0.012"/>
  <system-out>
    <![CDATA[Mens Product update sucess]]>
  </system-out>
</testsuite> <!-- com.myntrajio.MensProductTest.MensProductTest -->
