<?xml version="1.0" encoding="UTF-8"?>
<!-- Generated by org.testng.reporters.JUnitReportReporter -->
<testsuite hostname="hp" failures="0" tests="1" name="com.myntrajio.WomensProductTest.WomensProductTest" time="0.002" errors="0" timestamp="2024-08-15T16:25:38 IST" skipped="0">
  <testcase classname="com.myntrajio.WomensProductTest.WomensProductTest" name="addProduct" time="0.002"/>
  <system-out>
    <![CDATA[womens Product added sucess]]>
  </system-out>
</testsuite> <!-- com.myntrajio.WomensProductTest.WomensProductTest -->
