<?xml version="1.0" encoding="UTF-8"?>
<!-- Generated by org.testng.reporters.JUnitReportReporter -->
<testsuite hostname="hp" failures="0" tests="3" name="com.myntrajio.kidsproductTest.KidsProductTest" time="0.036" errors="0" timestamp="2024-08-15T16:26:32 IST" skipped="0">
  <testcase classname="com.myntrajio.kidsproductTest.KidsProductTest" name="addProduct" time="0.023"/>
  <system-out>
    <![CDATA[Kids Product added sucess]]>
  </system-out>
  <testcase classname="com.myntrajio.kidsproductTest.KidsProductTest" name="removeProduct" time="0.008"/>
  <system-out>
    <![CDATA[Kids Product remove sucess]]>
  </system-out>
  <testcase classname="com.myntrajio.kidsproductTest.KidsProductTest" name="updateProduct" time="0.005"/>
  <system-out>
    <![CDATA[Kids Product update sucess]]>
  </system-out>
</testsuite> <!-- com.myntrajio.kidsproductTest.KidsProductTest -->
