<?xml version="1.0" encoding="UTF-8"?>
<!-- Generated by org.testng.reporters.JUnitReportReporter -->
<testsuite hostname="hp" failures="0" tests="1" name="com.myntrajio.RegisterTest.RegisterTest" time="0.969" errors="0" timestamp="2024-08-29T15:43:43 IST" skipped="0">
  <testcase classname="com.myntrajio.RegisterTest.RegisterTest" name="registerValidData" time="0.969"/>
  <system-out>
    <![CDATA[Register with valid data]]>
  </system-out>
</testsuite> <!-- com.myntrajio.RegisterTest.RegisterTest -->
