<?xml version="1.0" encoding="UTF-8"?>
<!-- Generated by org.testng.reporters.JUnitReportReporter -->
<testsuite hostname="hp" failures="0" tests="3" name="com.myntrajio.ElectronicProductTest.ElectronicProductTest" time="0.034" errors="0" timestamp="2024-08-15T16:26:03 IST" skipped="0">
  <testcase classname="com.myntrajio.ElectronicProductTest.ElectronicProductTest" name="removeProduct" time="0.003"/>
  <system-out>
    <![CDATA[Electronic Product remove sucess]]>
  </system-out>
  <testcase classname="com.myntrajio.ElectronicProductTest.ElectronicProductTest" name="addProduct" time="0.022"/>
  <system-out>
    <![CDATA[Electronic Product added sucess]]>
  </system-out>
  <testcase classname="com.myntrajio.ElectronicProductTest.ElectronicProductTest" name="updateProduct" time="0.009"/>
  <system-out>
    <![CDATA[Electronic Product update sucess]]>
  </system-out>
</testsuite> <!-- com.myntrajio.ElectronicProductTest.ElectronicProductTest -->
